run_nook.sh started at 2025年 3月 7日 金曜日 22時06分13秒 JST by cron
PROJECT_DIR: .
Activating virtual environment...
Loading environment variables from .env...
Changing directory to ....
Running main.py...
Version 7.7.1 of praw is outdated. Version 7.8.1 was released Friday October 25, 2024.
INFO:arxiv:Requesting page (first: True, try: 0): https://export.arxiv.org/api/query?search_query=&id_list=2503.01763&sortBy=relevance&sortOrder=descending&start=0&max_results=100
INFO:arxiv:Requesting page (first: True, try: 0): https://export.arxiv.org/api/query?search_query=&id_list=2503.01372&sortBy=relevance&sortOrder=descending&start=0&max_results=100
No previous IDs found at /Users/matsumotokazuki/Desktop/work/nook/output/paper_summarizer/arxiv_ids-2025-03-06.txt
No previous IDs found at /Users/matsumotokazuki/Desktop/work/nook/output/paper_summarizer/arxiv_ids-2025-03-03.txt
No previous IDs found at /Users/matsumotokazuki/Desktop/work/nook/output/paper_summarizer/arxiv_ids-2025-03-02.txt
No previous IDs found at /Users/matsumotokazuki/Desktop/work/nook/output/paper_summarizer/arxiv_ids-2025-03-01.txt
No previous IDs found at /Users/matsumotokazuki/Desktop/work/nook/output/paper_summarizer/arxiv_ids-2025-02-28.txt
Running PaperSummarizer...
The number of new arXiv IDs: 21
Summarizing papers:   0%|          | 0/21 [00:00<?, ?it/s]INFO:arxiv:Got first page: 1 of 1 total results
INFO:arxiv:Got first page: 1 of 1 total results
INFO:root:AFC is enabled with max remote calls: 10.
INFO:root:AFC is enabled with max remote calls: 10.
INFO:root:AFC remote call 1 is done.
INFO:arxiv:Requesting page (first: True, try: 0): https://export.arxiv.org/api/query?search_query=&id_list=2503.03751&sortBy=relevance&sortOrder=descending&start=0&max_results=100
Summarizing papers:   5%|▍         | 1/21 [00:16<05:33, 16.69s/it]INFO:root:AFC remote call 1 is done.
INFO:arxiv:Requesting page (first: True, try: 0): https://export.arxiv.org/api/query?search_query=&id_list=2502.18860&sortBy=relevance&sortOrder=descending&start=0&max_results=100
Summarizing papers:  10%|▉         | 2/21 [00:17<02:19,  7.33s/it]INFO:arxiv:Got first page: 1 of 1 total results
INFO:root:AFC is enabled with max remote calls: 10.
INFO:arxiv:Got first page: 1 of 1 total results
INFO:root:AFC is enabled with max remote calls: 10.
INFO:root:AFC remote call 1 is done.
INFO:arxiv:Requesting page (first: True, try: 0): https://export.arxiv.org/api/query?search_query=&id_list=2503.03746&sortBy=relevance&sortOrder=descending&start=0&max_results=100
Summarizing papers:  14%|█▍        | 3/21 [00:25<02:20,  7.80s/it]INFO:arxiv:Got first page: 1 of 1 total results
INFO:root:AFC is enabled with max remote calls: 10.
INFO:root:AFC remote call 1 is done.
INFO:arxiv:Requesting page (first: True, try: 0): https://export.arxiv.org/api/query?search_query=&id_list=2503.00329&sortBy=relevance&sortOrder=descending&start=0&max_results=100
Summarizing papers:  19%|█▉        | 4/21 [00:32<02:03,  7.25s/it]INFO:arxiv:Got first page: 1 of 1 total results
INFO:root:AFC is enabled with max remote calls: 10.
INFO:root:AFC remote call 1 is done.
INFO:arxiv:Requesting page (first: True, try: 0): https://export.arxiv.org/api/query?search_query=&id_list=2503.00502&sortBy=relevance&sortOrder=descending&start=0&max_results=100
Summarizing papers:  24%|██▍       | 5/21 [00:39<01:57,  7.37s/it]INFO:arxiv:Got first page: 1 of 1 total results
INFO:root:AFC is enabled with max remote calls: 10.
INFO:root:AFC remote call 1 is done.
INFO:arxiv:Requesting page (first: True, try: 0): https://export.arxiv.org/api/query?search_query=&id_list=2502.20317&sortBy=relevance&sortOrder=descending&start=0&max_results=100
Summarizing papers:  29%|██▊       | 6/21 [00:45<01:42,  6.84s/it]INFO:arxiv:Got first page: 1 of 1 total results
INFO:root:AFC is enabled with max remote calls: 10.
Summarizing papers:  29%|██▊       | 6/21 [00:53<02:14,  8.94s/it]
Traceback (most recent call last):
  File "/Users/matsumotokazuki/Desktop/work/nook/nook/functions/paper_summarizer/paper_summarizer.py", line 112, in __call__
    markdowns = list(
                ^^^^^
  File "/Users/matsumotokazuki/Desktop/work/nook/.venv/lib/python3.11/site-packages/tqdm/std.py", line 1181, in __iter__
    for obj in iterable:
  File "/usr/local/Cellar/python@3.11/3.11.7_1/Frameworks/Python.framework/Versions/3.11/lib/python3.11/concurrent/futures/_base.py", line 619, in result_iterator
    yield _result_or_cancel(fs.pop())
          ^^^^^^^^^^^^^^^^^^^^^^^^^^^
  File "/usr/local/Cellar/python@3.11/3.11.7_1/Frameworks/Python.framework/Versions/3.11/lib/python3.11/concurrent/futures/_base.py", line 317, in _result_or_cancel
    return fut.result(timeout)
           ^^^^^^^^^^^^^^^^^^^
  File "/usr/local/Cellar/python@3.11/3.11.7_1/Frameworks/Python.framework/Versions/3.11/lib/python3.11/concurrent/futures/_base.py", line 451, in result
    self._condition.wait(timeout)
  File "/usr/local/Cellar/python@3.11/3.11.7_1/Frameworks/Python.framework/Versions/3.11/lib/python3.11/threading.py", line 327, in wait
    waiter.acquire()
KeyboardInterrupt

During handling of the above exception, another exception occurred:

Traceback (most recent call last):
  File "/Users/matsumotokazuki/Desktop/work/nook/./main.py", line 35, in <module>
    run_all()
  File "/Users/matsumotokazuki/Desktop/work/nook/./main.py", line 31, in run_all
    handler()
  File "/Users/matsumotokazuki/Desktop/work/nook/nook/functions/paper_summarizer/paper_summarizer.py", line 111, in __call__
    with concurrent.futures.ThreadPoolExecutor(max_workers=2) as executor:
  File "/usr/local/Cellar/python@3.11/3.11.7_1/Frameworks/Python.framework/Versions/3.11/lib/python3.11/concurrent/futures/_base.py", line 647, in __exit__
    self.shutdown(wait=True)
  File "/usr/local/Cellar/python@3.11/3.11.7_1/Frameworks/Python.framework/Versions/3.11/lib/python3.11/concurrent/futures/thread.py", line 235, in shutdown
    t.join()
  File "/usr/local/Cellar/python@3.11/3.11.7_1/Frameworks/Python.framework/Versions/3.11/lib/python3.11/threading.py", line 1119, in join
    self._wait_for_tstate_lock()
  File "/usr/local/Cellar/python@3.11/3.11.7_1/Frameworks/Python.framework/Versions/3.11/lib/python3.11/threading.py", line 1139, in _wait_for_tstate_lock
    if lock.acquire(block, timeout):
       ^^^^^^^^^^^^^^^^^^^^^^^^^^^^
KeyboardInterrupt
INFO:root:AFC remote call 1 is done.
run_nook.sh started at 2025年 3月 7日 金曜日 22時07分46秒 JST by cron
PROJECT_DIR: .
Activating virtual environment...
Loading environment variables from .env...
Changing directory to ....
Running main.py...
run_nook.sh completed at 2025年 3月 7日 金曜日 22時16分33秒 JST
----------------------------------------
run_nook.sh started at 2025年 3月 7日 金曜日 22時23分46秒 JST by cron
PROJECT_DIR: .
Activating virtual environment...
Loading environment variables from .env...
Changing directory to ....
Running main.py...
run_nook.sh completed at 2025年 3月 7日 金曜日 22時32分06秒 JST
----------------------------------------
run_nook.sh started at Sat Mar  8 00:00:01 JST 2025 by cron
PROJECT_DIR: /Users/matsumotokazuki/Desktop/work/nook
Activating virtual environment...
Loading environment variables from .env...
Changing directory to /Users/matsumotokazuki/Desktop/work/nook...
Running main.py...
run_nook.sh completed at Sat Mar  8 00:08:50 JST 2025
----------------------------------------
run_nook.sh started at 2025年 3月 8日 土曜日 03時59分48秒 JST by cron
PROJECT_DIR: .
Activating virtual environment...
Loading environment variables from .env...
Changing directory to ....
Running main.py...
run_nook.sh completed at 2025年 3月 8日 土曜日 04時09分00秒 JST
----------------------------------------
run_nook.sh started at 2025年 3月 8日 土曜日 11時24分45秒 JST by cron
PROJECT_DIR: .
Activating virtual environment...
Loading environment variables from .env...
Changing directory to ....
Running main.py...
run_nook.sh completed at 2025年 3月 8日 土曜日 11時40分12秒 JST
----------------------------------------
run_nook.sh started at Sun Mar  9 00:00:02 JST 2025 by cron
PROJECT_DIR: /Users/matsumotokazuki/Desktop/work/nook
Activating virtual environment...
Loading environment variables from .env...
Changing directory to /Users/matsumotokazuki/Desktop/work/nook...
Running main.py...
run_nook.sh completed at Sun Mar  9 00:12:37 JST 2025
----------------------------------------
run_nook.sh started at Mon Mar 10 00:00:01 JST 2025 by cron
PROJECT_DIR: /Users/matsumotokazuki/Desktop/work/nook
Activating virtual environment...
Loading environment variables from .env...
Changing directory to /Users/matsumotokazuki/Desktop/work/nook...
Running main.py...
run_nook.sh completed at Mon Mar 10 00:12:42 JST 2025
----------------------------------------
run_nook.sh started at Tue Mar 11 00:00:01 JST 2025 by cron
PROJECT_DIR: /Users/matsumotokazuki/Desktop/work/nook
Activating virtual environment...
Loading environment variables from .env...
Changing directory to /Users/matsumotokazuki/Desktop/work/nook...
Running main.py...
run_nook.sh completed at Tue Mar 11 00:17:35 JST 2025
----------------------------------------
run_nook.sh started at Wed Mar 12 00:00:01 JST 2025 by cron
PROJECT_DIR: /Users/matsumotokazuki/Desktop/work/nook
Activating virtual environment...
Loading environment variables from .env...
Changing directory to /Users/matsumotokazuki/Desktop/work/nook...
Running main.py...
run_nook.sh completed at Wed Mar 12 00:20:29 JST 2025
----------------------------------------
run_nook.sh started at Thu Mar 13 00:00:01 JST 2025 by cron
PROJECT_DIR: /Users/matsumotokazuki/Desktop/work/nook
Activating virtual environment...
Loading environment variables from .env...
Changing directory to /Users/matsumotokazuki/Desktop/work/nook...
Running main.py...
run_nook.sh completed at Thu Mar 13 00:03:53 JST 2025
----------------------------------------
run_nook.sh started at Fri Mar 14 00:00:01 JST 2025 by cron
PROJECT_DIR: /Users/matsumotokazuki/Desktop/work/nook
Activating virtual environment...
Loading environment variables from .env...
Changing directory to /Users/matsumotokazuki/Desktop/work/nook...
Running main.py...
run_nook.sh completed at Fri Mar 14 00:17:21 JST 2025
----------------------------------------
run_nook.sh started at 2025年 3月15日 土曜日 16時41分49秒 JST by cron
PROJECT_DIR: /Users/matsumotokazuki/Desktop/work/nook
Activating virtual environment...
Loading environment variables from .env...
Changing directory to /Users/matsumotokazuki/Desktop/work/nook...
Running main.py...
run_nook.sh completed at 2025年 3月15日 土曜日 17時32分43秒 JST
----------------------------------------
run_nook.sh started at Sun Mar 16 00:00:01 JST 2025 by cron
PROJECT_DIR: /Users/matsumotokazuki/Desktop/work/nook
Activating virtual environment...
Loading environment variables from .env...
Changing directory to /Users/matsumotokazuki/Desktop/work/nook...
Running main.py...
run_nook.sh completed at Sun Mar 16 00:13:19 JST 2025
----------------------------------------
run_nook.sh started at Mon Mar 17 00:00:01 JST 2025 by cron
PROJECT_DIR: /Users/matsumotokazuki/Desktop/work/nook
Activating virtual environment...
Loading environment variables from .env...
Changing directory to /Users/matsumotokazuki/Desktop/work/nook...
Running main.py...
run_nook.sh completed at Mon Mar 17 00:12:36 JST 2025
----------------------------------------
run_nook.sh started at Tue Mar 18 00:00:01 JST 2025 by cron
PROJECT_DIR: /Users/matsumotokazuki/Desktop/work/nook
Activating virtual environment...
Loading environment variables from .env...
Changing directory to /Users/matsumotokazuki/Desktop/work/nook...
Running main.py...
run_nook.sh completed at Tue Mar 18 00:10:31 JST 2025
----------------------------------------
run_nook.sh started at Wed Mar 19 00:00:01 JST 2025 by cron
PROJECT_DIR: /Users/matsumotokazuki/Desktop/work/nook
Activating virtual environment...
Loading environment variables from .env...
Changing directory to /Users/matsumotokazuki/Desktop/work/nook...
Running main.py...
run_nook.sh completed at Wed Mar 19 00:18:39 JST 2025
----------------------------------------
run_nook.sh started at Thu Mar 20 00:00:01 JST 2025 by cron
PROJECT_DIR: /Users/matsumotokazuki/Desktop/work/nook
Activating virtual environment...
Loading environment variables from .env...
Changing directory to /Users/matsumotokazuki/Desktop/work/nook...
Running main.py...
run_nook.sh completed at Thu Mar 20 00:19:30 JST 2025
----------------------------------------
run_nook.sh started at Fri Mar 21 00:00:01 JST 2025 by cron
PROJECT_DIR: /Users/matsumotokazuki/Desktop/work/nook
Activating virtual environment...
Loading environment variables from .env...
Changing directory to /Users/matsumotokazuki/Desktop/work/nook...
Running main.py...
run_nook.sh completed at Fri Mar 21 00:07:08 JST 2025
----------------------------------------
run_nook.sh started at Mon Mar 24 00:00:02 JST 2025 by cron
PROJECT_DIR: /Users/matsumotokazuki/Desktop/work/nook
Activating virtual environment...
Loading environment variables from .env...
Changing directory to /Users/matsumotokazuki/Desktop/work/nook...
Running main.py...
